<?xml version="1.0" encoding="utf-8"?><testsuites name="pytest tests"><testsuite name="pytest" errors="0" failures="0" skipped="0" tests="26" time="8.091" timestamp="2026-04-17T10:45:34.255712+00:00" hostname="agent-env-2ac3112a-5fbc-4a4d-9ce3-db3678b15843"><testcase classname="tests.test_guardiannest_api.TestHealth" name="test_root_endpoint" time="0.240" /><testcase classname="tests.test_guardiannest_api.TestHealth" name="test_public_config" time="0.102" /><testcase classname="tests.test_guardiannest_api.TestSeed" name="test_seed_demo_data" time="0.160" /><testcase classname="tests.test_guardiannest_api.TestAuth" name="test_mock_login_parent" time="0.134" /><testcase classname="tests.test_guardiannest_api.TestAuth" name="test_mock_login_admin_with_code" time="0.135" /><testcase classname="tests.test_guardiannest_api.TestAuth" name="test_mock_login_without_admin_code" time="0.113" /><testcase classname="tests.test_guardiannest_api.TestAuth" name="test_auth_me_without_token" time="0.098" /><testcase classname="tests.test_guardiannest_api.TestParentPIN" name="test_set_pin_success" time="0.266" /><testcase classname="tests.test_guardiannest_api.TestParentPIN" name="test_set_pin_too_short" time="0.283" /><testcase classname="tests.test_guardiannest_api.TestParentPIN" name="test_verify_pin_success" time="0.318" /><testcase classname="tests.test_guardiannest_api.TestParentPIN" name="test_verify_pin_incorrect" time="0.367" /><testcase classname="tests.test_guardiannest_api.TestChildren" name="test_pair_child_device" time="0.338" /><testcase classname="tests.test_guardiannest_api.TestChildren" name="test_list_children" time="0.206" /><testcase classname="tests.test_guardiannest_api.TestActivity" name="test_log_activity" time="0.323" /><testcase classname="tests.test_guardiannest_api.TestActivity" name="test_activity_summary" time="0.531" /><testcase classname="tests.test_guardiannest_api.TestMonitoring" name="test_heartbeat_monitoring_disabled_creates_alert" time="0.595" /><testcase classname="tests.test_guardiannest_api.TestMonitoring" name="test_list_alerts" time="0.388" /><testcase classname="tests.test_guardiannest_api.TestAdmin" name="test_admin_stats_requires_admin" time="0.299" /><testcase classname="tests.test_guardiannest_api.TestAdmin" name="test_admin_stats_success" time="0.311" /><testcase classname="tests.test_guardiannest_api.TestAdmin" name="test_admin_leads_no_filters" time="0.249" /><testcase classname="tests.test_guardiannest_api.TestAdmin" name="test_admin_leads_with_filters" time="0.823" /><testcase classname="tests.test_guardiannest_api.TestPremiumToggle" name="test_premium_toggle_on_then_off" time="0.512" /><testcase classname="tests.test_guardiannest_api.TestPremiumToggle" name="test_premium_config" time="0.212" /><testcase classname="tests.test_guardiannest_api.TestPayments" name="test_create_order_when_premium_disabled" time="0.215" /><testcase classname="tests.test_guardiannest_api.TestPayments" name="test_verify_payment_when_premium_disabled" time="0.202" /><testcase classname="tests.test_guardiannest_api.TestPayments" name="test_verify_payment_bad_signature_when_enabled" time="0.547" /></testsuite></testsuites>