<?xml version="1.0" encoding="utf-8"?><testsuites name="pytest tests"><testsuite name="pytest" errors="0" failures="0" skipped="0" tests="26" time="59.890" timestamp="2026-04-19T18:35:25.356088+00:00" hostname="agent-env-2ac3112a-5fbc-4a4d-9ce3-db3678b15843"><testcase classname="tests.test_guardiannest_api.TestHealth" name="test_root_endpoint" time="0.266" /><testcase classname="tests.test_guardiannest_api.TestHealth" name="test_public_config" time="0.153" /><testcase classname="tests.test_guardiannest_api.TestSeed" name="test_seed_demo_data" time="1.628" /><testcase classname="tests.test_guardiannest_api.TestAuth" name="test_mock_login_parent" time="0.846" /><testcase classname="tests.test_guardiannest_api.TestAuth" name="test_mock_login_admin_with_code" time="1.120" /><testcase classname="tests.test_guardiannest_api.TestAuth" name="test_mock_login_without_admin_code" time="1.104" /><testcase classname="tests.test_guardiannest_api.TestAuth" name="test_auth_me_without_token" time="0.172" /><testcase classname="tests.test_guardiannest_api.TestParentPIN" name="test_set_pin_success" time="1.945" /><testcase classname="tests.test_guardiannest_api.TestParentPIN" name="test_set_pin_too_short" time="1.424" /><testcase classname="tests.test_guardiannest_api.TestParentPIN" name="test_verify_pin_success" time="2.318" /><testcase classname="tests.test_guardiannest_api.TestParentPIN" name="test_verify_pin_incorrect" time="2.286" /><testcase classname="tests.test_guardiannest_api.TestChildren" name="test_pair_child_device" time="2.537" /><testcase classname="tests.test_guardiannest_api.TestChildren" name="test_list_children" time="1.715" /><testcase classname="tests.test_guardiannest_api.TestActivity" name="test_log_activity" time="2.760" /><testcase classname="tests.test_guardiannest_api.TestActivity" name="test_activity_summary" time="5.618" /><testcase classname="tests.test_guardiannest_api.TestMonitoring" name="test_heartbeat_monitoring_disabled_creates_alert" time="3.357" /><testcase classname="tests.test_guardiannest_api.TestMonitoring" name="test_list_alerts" time="1.699" /><testcase classname="tests.test_guardiannest_api.TestAdmin" name="test_admin_stats_requires_admin" time="1.524" /><testcase classname="tests.test_guardiannest_api.TestAdmin" name="test_admin_stats_success" time="10.297" /><testcase classname="tests.test_guardiannest_api.TestAdmin" name="test_admin_leads_no_filters" time="1.919" /><testcase classname="tests.test_guardiannest_api.TestAdmin" name="test_admin_leads_with_filters" time="4.030" /><testcase classname="tests.test_guardiannest_api.TestPremiumToggle" name="test_premium_toggle_on_then_off" time="2.694" /><testcase classname="tests.test_guardiannest_api.TestPremiumToggle" name="test_premium_config" time="1.448" /><testcase classname="tests.test_guardiannest_api.TestPayments" name="test_create_order_when_premium_disabled" time="1.447" /><testcase classname="tests.test_guardiannest_api.TestPayments" name="test_verify_payment_when_premium_disabled" time="1.481" /><testcase classname="tests.test_guardiannest_api.TestPayments" name="test_verify_payment_bad_signature_when_enabled" time="3.936" /></testsuite></testsuites>